{"C:\\Users\\12488\\OneDrive\\Desktop\\gc-projects\\6-9-22 class practice\\isEven.js": {"path":"C:\\Users\\12488\\OneDrive\\Desktop\\gc-projects\\6-9-22 class practice\\isEven.js","statementMap":{"0":{"start":{"line":16,"column":2},"end":{"line":16,"column":36}},"1":{"start":{"line":16,"column":24},"end":{"line":16,"column":36}},"2":{"start":{"line":17,"column":2},"end":{"line":17,"column":15}},"3":{"start":{"line":20,"column":0},"end":{"line":20,"column":24}}},"fnMap":{"0":{"name":"isEven","decl":{"start":{"line":2,"column":9},"end":{"line":2,"column":15}},"loc":{"start":{"line":2,"column":24},"end":{"line":18,"column":1}},"line":2}},"branchMap":{"0":{"loc":{"start":{"line":16,"column":2},"end":{"line":16,"column":36}},"type":"if","locations":[{"start":{"line":16,"column":2},"end":{"line":16,"column":36}},{"start":{},"end":{}}],"line":16}},"s":{"0":2,"1":1,"2":1,"3":1},"f":{"0":2},"b":{"0":[1,1]},"_coverageSchema":"1a1c01bbd47fc00a2c39e90264f33305004495a9","hash":"b47fc87b33d7dacf7c9132ade0487bbf48d0fe08"}
}
